# Logfile created on 2025-02-19 12:51:14 +0200 by logger.rb/v1.6.6
I, [2025-02-19T12:51:16.936395 #51095]  INFO -- : Preparing specialized features for model enhancement
I, [2025-02-19T12:51:16.936730 #51095]  INFO -- : Saved specialized features with 0 emerging threats and 0 threat IPs
I, [2025-02-19T12:54:54.010154 #51823]  INFO -- : Preparing specialized features for model enhancement
I, [2025-02-19T12:54:54.010589 #51823]  INFO -- : Saved specialized features with 0 emerging threats and 0 threat IPs
I, [2025-02-19T13:40:12.305849 #54870]  INFO -- : Preparing specialized features for model enhancement
I, [2025-02-19T13:40:12.306451 #54870]  INFO -- : Saved specialized features with 0 emerging threats and 0 threat IPs
I, [2025-02-19T13:41:59.275685 #55405]  INFO -- : Preparing specialized features for model enhancement
I, [2025-02-19T13:41:59.276179 #55405]  INFO -- : Saved specialized features with 0 emerging threats and 0 threat IPs
I, [2025-02-19T13:43:52.432355 #55711]  INFO -- : Preparing specialized features for model enhancement
I, [2025-02-19T13:43:52.432508 #55711]  INFO -- : Saved specialized features with 0 emerging threats and 0 threat IPs
I, [2025-02-19T13:47:20.208870 #56208]  INFO -- : Preparing specialized features for model enhancement
I, [2025-02-19T13:47:20.209386 #56208]  INFO -- : Saved specialized features with 0 emerging threats and 0 threat IPs
I, [2025-02-19T13:48:06.589103 #56361]  INFO -- : Preparing specialized features for model enhancement
I, [2025-02-19T13:48:06.589237 #56361]  INFO -- : Saved specialized features with 0 emerging threats and 0 threat IPs
I, [2025-02-19T13:51:13.568524 #56876]  INFO -- : Preparing specialized features for model enhancement
I, [2025-02-19T13:51:13.570435 #56876]  INFO -- : Saved specialized features with 0 emerging threats and 0 threat IPs
I, [2025-02-19T13:51:50.075948 #56985]  INFO -- : Preparing specialized features for model enhancement
I, [2025-02-19T13:51:50.076110 #56985]  INFO -- : Saved specialized features with 0 emerging threats and 0 threat IPs
I, [2025-02-19T13:52:43.814005 #57184]  INFO -- : Preparing specialized features for model enhancement
I, [2025-02-19T13:52:43.814157 #57184]  INFO -- : Saved specialized features with 0 emerging threats and 0 threat IPs
I, [2025-02-19T13:54:44.310962 #57531]  INFO -- : Preparing specialized features for model enhancement
I, [2025-02-19T13:54:44.311352 #57531]  INFO -- : Saved specialized features with 0 emerging threats and 0 threat IPs
I, [2025-02-19T13:58:44.491449 #58644]  INFO -- : Preparing specialized features for model enhancement
I, [2025-02-19T13:58:44.492700 #58644]  INFO -- : Saved specialized features with 0 emerging threats and 0 threat IPs
I, [2025-02-19T13:59:21.431428 #58872]  INFO -- : Preparing specialized features for model enhancement
I, [2025-02-19T13:59:21.432711 #58872]  INFO -- : Saved specialized features with 0 emerging threats and 0 threat IPs
I, [2025-02-19T13:59:29.694448 #58996]  INFO -- : Preparing specialized features for model enhancement
I, [2025-02-19T13:59:29.696222 #58996]  INFO -- : Saved specialized features with 0 emerging threats and 0 threat IPs
I, [2025-02-19T13:59:33.622875 #59104]  INFO -- : Preparing specialized features for model enhancement
I, [2025-02-19T13:59:33.624410 #59104]  INFO -- : Saved specialized features with 0 emerging threats and 0 threat IPs
I, [2025-02-19T13:59:45.594076 #59214]  INFO -- : Preparing specialized features for model enhancement
I, [2025-02-19T13:59:45.594668 #59214]  INFO -- : Saved specialized features with 0 emerging threats and 0 threat IPs
I, [2025-02-19T14:00:33.957601 #59397]  INFO -- : Preparing specialized features for model enhancement
I, [2025-02-19T14:00:33.958805 #59397]  INFO -- : Saved specialized features with 0 emerging threats and 0 threat IPs
I, [2025-02-19T14:03:22.670954 #59844]  INFO -- : Preparing specialized features for model enhancement
I, [2025-02-19T14:03:22.672192 #59844]  INFO -- : Saved specialized features with 0 emerging threats and 0 threat IPs
I, [2025-02-19T14:11:11.239419 #61093]  INFO -- : Preparing specialized features for model enhancement
I, [2025-02-19T14:11:11.240365 #61093]  INFO -- : Saved specialized features with 0 emerging threats and 0 threat IPs
I, [2025-02-19T14:14:19.050659 #61531]  INFO -- : Preparing specialized features for model enhancement
I, [2025-02-19T14:14:19.051648 #61531]  INFO -- : Saved specialized features with 0 emerging threats and 0 threat IPs
I, [2025-02-19T14:18:40.444212 #62401]  INFO -- : Preparing specialized features for model enhancement
I, [2025-02-19T14:18:40.444756 #62401]  INFO -- : Saved specialized features with 0 emerging threats and 0 threat IPs
I, [2025-02-19T14:19:33.967092 #62599]  INFO -- : Preparing specialized features for model enhancement
I, [2025-02-19T14:19:33.970934 #62599]  INFO -- : Saved specialized features with 0 emerging threats and 0 threat IPs
I, [2025-02-19T14:20:22.555285 #62734]  INFO -- : Preparing specialized features for model enhancement
I, [2025-02-19T14:20:22.558340 #62734]  INFO -- : Saved specialized features with 0 emerging threats and 0 threat IPs
I, [2025-02-19T14:22:17.728309 #63215]  INFO -- : Preparing specialized features for model enhancement
I, [2025-02-19T14:22:17.729255 #63215]  INFO -- : Saved specialized features with 0 emerging threats and 0 threat IPs
I, [2025-02-19T14:25:36.293457 #63688]  INFO -- : Preparing specialized features for model enhancement
I, [2025-02-19T14:25:36.294144 #63688]  INFO -- : Saved specialized features with 0 emerging threats and 0 threat IPs
I, [2025-02-19T14:31:36.972773 #64681]  INFO -- : Collecting specialized CTI feeds
I, [2025-02-19T14:31:36.972916 #64681]  INFO -- : Fetching CTI feed from Emerging Threats
I, [2025-02-19T14:31:38.463628 #64681]  INFO -- : Successfully collected CTI from Emerging Threats
I, [2025-02-19T14:31:38.463725 #64681]  INFO -- : Fetching CTI feed from Abuse.ch
I, [2025-02-19T14:31:39.851262 #64681]  INFO -- : Successfully collected CTI from Abuse.ch
I, [2025-02-19T14:31:39.851360 #64681]  INFO -- : Fetching CTI feed from CI Army
I, [2025-02-19T14:31:42.338490 #64681]  INFO -- : Successfully collected CTI from CI Army
I, [2025-02-19T14:31:42.338557 #64681]  INFO -- : Fetching CTI feed from AlienVault Reputation
I, [2025-02-19T14:31:43.709576 #64681]  INFO -- : Successfully collected CTI from AlienVault Reputation
I, [2025-02-19T14:31:43.728380 #64681]  INFO -- : Saved specialized CTI data from 4 sources
I, [2025-02-19T14:31:43.746239 #64681]  INFO -- : Preparing specialized features for model enhancement
I, [2025-02-19T14:31:43.842541 #64681]  INFO -- : Saved specialized features with 0 emerging threats and 15613 threat IPs
I, [2025-02-19T14:37:40.105433 #66028]  INFO -- : Collecting specialized CTI feeds
I, [2025-02-19T14:37:40.105660 #66028]  INFO -- : Fetching CTI feed from Emerging Threats
I, [2025-02-19T14:37:41.688756 #66028]  INFO -- : Successfully collected CTI from Emerging Threats
I, [2025-02-19T14:37:41.688852 #66028]  INFO -- : Fetching CTI feed from Abuse.ch
I, [2025-02-19T14:37:43.407580 #66028]  INFO -- : Successfully collected CTI from Abuse.ch
I, [2025-02-19T14:37:43.407679 #66028]  INFO -- : Fetching CTI feed from CI Army
I, [2025-02-19T14:37:45.804079 #66028]  INFO -- : Successfully collected CTI from CI Army
I, [2025-02-19T14:37:45.804152 #66028]  INFO -- : Fetching CTI feed from AlienVault Reputation
I, [2025-02-19T14:37:46.275553 #66028]  INFO -- : Successfully collected CTI from AlienVault Reputation
I, [2025-02-19T14:37:46.303023 #66028]  INFO -- : Saved specialized CTI data from 4 sources
I, [2025-02-19T14:37:46.321189 #66028]  INFO -- : Preparing specialized features for model enhancement
I, [2025-02-19T14:37:46.432192 #66028]  INFO -- : Saved specialized features with 0 emerging threats and 15613 threat IPs
I, [2025-02-19T14:42:30.587007 #5870]  INFO -- : Collecting specialized CTI feeds
I, [2025-02-19T14:42:30.587025 #5870]  INFO -- : Fetching CTI feed from Emerging Threats
I, [2025-02-19T14:42:32.173357 #5870]  INFO -- : Successfully collected CTI from Emerging Threats
I, [2025-02-19T14:42:32.173447 #5870]  INFO -- : Fetching CTI feed from Abuse.ch
E, [2025-02-19T14:42:33.550978 #5870] ERROR -- : Error collecting CTI from Abuse.ch: undefined method `undump' for an instance of Array
I, [2025-02-19T14:42:33.551070 #5870]  INFO -- : Fetching CTI feed from CI Army
I, [2025-02-19T14:42:36.478741 #5870]  INFO -- : Successfully collected CTI from CI Army
I, [2025-02-19T14:42:36.478807 #5870]  INFO -- : Fetching CTI feed from AlienVault Reputation
I, [2025-02-19T14:42:37.057346 #5870]  INFO -- : Successfully collected CTI from AlienVault Reputation
I, [2025-02-19T14:42:37.079897 #5870]  INFO -- : Saved specialized CTI data from 3 sources
I, [2025-02-19T14:42:37.093026 #5870]  INFO -- : Preparing specialized features for model enhancement
I, [2025-02-19T14:42:37.179950 #5870]  INFO -- : Saved specialized features with 0 emerging threats and 15609 threat IPs
